2024-11-16 19:25:31,918 - INFO - 成功加载cookies
2024-11-16 19:25:31,948 - ERROR - 检查登录状态失败: 'latin-1' codec can't encode characters in position 0-1: ordinal not in range(256)
2024-11-16 19:26:02,020 - INFO - 成功加载cookies
2024-11-16 19:26:02,044 - ERROR - 检查登录状态失败: 'latin-1' codec can't encode characters in position 0-1: ordinal not in range(256)
2024-11-16 21:39:43,644 - INFO - 成功加载cookies
2024-11-16 21:39:43,674 - ERROR - 检查登录状态失败: 'latin-1' codec can't encode characters in position 0-1: ordinal not in range(256)
2024-11-16 21:40:27,263 - INFO - 成功加载cookies
2024-11-16 21:40:27,287 - ERROR - 检查登录状态失败: 'latin-1' codec can't encode characters in position 0-1: ordinal not in range(256)
2024-11-16 21:41:48,945 - INFO - 成功加载cookies
2024-11-16 21:41:48,972 - ERROR - 检查登录状态失败: 'latin-1' codec can't encode characters in position 0-1: ordinal not in range(256)
2024-11-16 21:42:32,273 - INFO - 成功加载cookies
2024-11-16 21:42:32,304 - ERROR - 检查登录状态失败: 'latin-1' codec can't encode characters in position 0-1: ordinal not in range(256)
2024-11-16 21:42:57,941 - INFO - 成功加载cookies
2024-11-16 21:42:57,965 - ERROR - 检查登录状态失败: 'latin-1' codec can't encode characters in position 0-1: ordinal not in range(256)
2024-11-16 21:44:06,332 - INFO - 成功加载cookies
2024-11-16 21:44:06,395 - INFO - 检查登录状态：已登录
2024-11-16 21:44:06,425 - INFO - 检查登录状态：已登录
2024-11-16 21:44:06,425 - INFO - 开始获取课程数据...
2024-11-16 21:44:06,425 - INFO - 正在获取第1页数据...
2024-11-16 21:44:06,426 - INFO - 等待 29.91 秒以符合频率限制
2024-11-16 21:44:36,461 - INFO - 获取第1页数据成功: {'currentPage': 1, 'currentResult': 0, 'entityOrField': False, 'limit': 15, 'offset': 0, 'pageNo': 0, 'pageSize': 15, 'showCount': 15, 'sortName': '', 'sortOrder': 'asc', 'sorts': [], 'totalCount': 0, 'totalPage': 0, 'totalResult': 0}
2024-11-16 21:44:36,461 - INFO - 当前进度: 1/0页
2024-11-16 21:44:36,461 - INFO - 已获取所有页面数据
2024-11-16 21:44:36,464 - INFO - 数据获取完成，共获取0条课程记录
2024-11-16 21:46:03,263 - INFO - 成功加载cookies
2024-11-16 21:46:03,320 - INFO - 检查登录状态：已登录
2024-11-16 21:46:03,353 - INFO - 检查登录状态：已登录
2024-11-16 21:46:03,353 - INFO - 开始获取课程数据...
2024-11-16 21:46:03,353 - INFO - 正在获取第1页数据...
2024-11-16 21:46:03,353 - INFO - 等待 29.91 秒以符合频率限制
2024-11-16 21:46:33,360 - INFO - 获取第1页数据成功: {'currentPage': 1, 'currentResult': 0, 'entityOrField': False, 'limit': 15, 'offset': 0, 'pageNo': 0, 'pageSize': 15, 'showCount': 15, 'sortName': '', 'sortOrder': 'asc', 'sorts': [], 'totalCount': 0, 'totalPage': 0, 'totalResult': 0}
2024-11-16 21:46:33,360 - INFO - 当前进度: 1/0页
2024-11-16 21:46:33,360 - INFO - 已获取所有页面数据
2024-11-16 21:46:33,362 - INFO - 数据获取完成，共获取0条课程记录
2024-11-16 21:48:58,458 - INFO - 成功加载cookies
2024-11-16 21:48:58,543 - INFO - 检查登录状态：已登录
2024-11-16 21:48:58,572 - INFO - 检查登录状态：已登录
2024-11-16 21:48:58,572 - INFO - 开始获取课程数据...
2024-11-16 21:48:58,572 - INFO - 正在获取第1页数据...
2024-11-16 21:48:58,572 - INFO - 等待 29.89 秒以符合频率限制
2024-11-16 21:49:28,527 - INFO - 获取第1页数据成功: {'currentPage': 1, 'currentResult': 0, 'entityOrField': False, 'limit': 15, 'offset': 0, 'pageNo': 0, 'pageSize': 15, 'showCount': 15, 'sortName': '', 'sortOrder': 'asc', 'sorts': [], 'totalCount': 0, 'totalPage': 0, 'totalResult': 0}
2024-11-16 21:49:28,528 - INFO - 当前进度: 1/0页
2024-11-16 21:49:28,528 - INFO - 已获取所有页面数据
2024-11-16 21:49:28,530 - INFO - 数据获取完成，共获取0条课程记录
2024-11-16 21:51:41,319 - INFO - 成功加载cookies
2024-11-16 21:51:41,405 - INFO - 检查登录状态：已登录
2024-11-16 21:51:41,438 - INFO - 检查登录状态：已登录
2024-11-16 21:51:41,438 - INFO - 开始获取课程数据...
2024-11-16 21:51:41,438 - INFO - 正在获取第1页数据...
2024-11-16 21:51:41,439 - INFO - 等待 29.88 秒以符合频率限制
2024-11-16 21:52:11,382 - INFO - 获取第1页数据成功: {'currentPage': 1, 'currentResult': 0, 'entityOrField': False, 'items': [], 'limit': 15, 'offset': 0, 'pageNo': 0, 'pageSize': 15, 'showCount': 15, 'sortName': '', 'sortOrder': 'asc', 'sorts': [], 'totalCount': 0, 'totalPage': 0, 'totalResult': 0}
2024-11-16 21:52:11,382 - INFO - 当前进度: 1/0页
2024-11-16 21:52:11,382 - INFO - 已获取所有页面数据
2024-11-16 21:52:11,384 - INFO - 数据获取完成，共获取0条课程记录
2024-11-16 21:56:39,141 - INFO - 成功加载cookies
2024-11-16 21:56:39,197 - INFO - 检查登录状态：已登录
2024-11-16 21:56:39,227 - INFO - 检查登录状态：已登录
2024-11-16 21:56:39,227 - INFO - 开始获取课程数据...
2024-11-16 21:56:39,227 - INFO - 正在获取第1页数据...
2024-11-16 21:56:39,228 - INFO - 等待 29.91 秒以符合频率限制
2024-11-16 21:57:39,149 - ERROR - 获取第1页数据时发生错误: HTTPSConnectionPool(host='jwgl.whu.edu.cn', port=443): Read timed out. (read timeout=30)
2024-11-16 21:57:39,149 - ERROR - 获取第1页数据失败，中止获取
2024-11-16 21:57:39,151 - INFO - 数据获取完成，共获取0条课程记录
